<?xml version="1.0" encoding="UTF-8"?>
<testsuite name="r5a08.findmyword.WordTest" tests="4" skipped="0" failures="0" errors="0" timestamp="2024-11-06T10:41:32" hostname="einfolearning" time="0.058">
  <properties/>
  <testcase name="should_check_one_incorrect_letter()" classname="r5a08.findmyword.WordTest" time="0.053"/>
  <testcase name="should_check_second_letter_wrong_position()" classname="r5a08.findmyword.WordTest" time="0.001"/>
  <testcase name="should_check_all_score_combinaisons_correct()" classname="r5a08.findmyword.WordTest" time="0.001"/>
  <testcase name="should_check_one_correct_letter()" classname="r5a08.findmyword.WordTest" time="0.0"/>
  <system-out><![CDATA[]]></system-out>
  <system-err><![CDATA[]]></system-err>
</testsuite>
